<?xml version="1.0" encoding="UTF-8"?>
<!-- Generated by org.testng.reporters.JUnitReportReporter -->
<testsuite hostname="MJ-Jump02" failures="0" tests="2" name="pooja.TestNg" time="0.018" errors="0" timestamp="2021-07-17T16:52:03 IST" skipped="1">
  <testcase classname="pooja.TestNg" name="show" time="0.018"/>
  <system-out/>
  <testcase classname="pooja.TestNg" name="test">
    <skipped/>
  </testcase> <!-- test -->
  <system-out/>
</testsuite> <!-- pooja.TestNg -->
