<?xml version="1.0" encoding="UTF-8"?>
<!-- Generated by org.testng.reporters.JUnitReportReporter -->
<testsuite hostname="MJ-Jump02" failures="0" tests="2" name="pooja.SeleniumTestng" time="0.010" errors="0" timestamp="2021-07-17T14:27:30 IST" skipped="0">
  <testcase classname="pooja.SeleniumTestng" name="diff" time="0.009"/>
  <system-out/>
  <testcase classname="pooja.SeleniumTestng" name="mul" time="0.001"/>
  <system-out/>
</testsuite> <!-- pooja.SeleniumTestng -->
